<?xml version="1.0" encoding="UTF-8"?>
<!-- Generated by org.testng.reporters.JUnitXMLReporter -->
<testsuite ignored="0" hostname="LAPTOP-Q88K5JJQ" failures="0" tests="2" name="Default test" time="66.358" errors="0" timestamp="2022-10-29T14:48:12 IST">
  <testcase classname="POM_DDF_TestNG_Base_Class_Utility_Class.OrangeHRM_TestNG_Test_Class" name="VerifyTitle" time="33.072"/>
  <testcase classname="POM_DDF_TestNG_Base_Class_Utility_Class.OrangeHRM_TestNG_Test_Class" name="VerifyUsername" time="2.919"/>
</testsuite> <!-- Default test -->
