<?xml version="1.0" encoding="UTF-8"?>
<!-- Generated by org.testng.reporters.JUnitXMLReporter -->
<testsuite ignored="0" hostname="LAPTOP-Q88K5JJQ" failures="2" tests="6" name="Test" time="0.064" errors="0" timestamp="2022-10-18T16:56:12 IST">
  <testcase classname="TestNG.Test3" name="TC5" time="0.014"/>
  <testcase classname="TestNG.Test3" name="TC6" time="0.003">
    <failure type="java.lang.AssertionError" message="null">
      <![CDATA[java.lang.AssertionError: null
at TestNG.Test3.TC6(Test3.java:18)
at java.base/java.util.ArrayList.forEach(ArrayList.java:1511)
... Removed 27 stack frames]]>
    </failure>
  </testcase> <!-- TC6 -->
  <testcase classname="TestNG.Test2" name="TC3" time="0.001">
    <failure type="java.lang.AssertionError" message="null">
      <![CDATA[java.lang.AssertionError: null
at TestNG.Test2.TC3(Test2.java:12)
at java.base/java.util.ArrayList.forEach(ArrayList.java:1511)
... Removed 27 stack frames]]>
    </failure>
  </testcase> <!-- TC3 -->
  <testcase classname="TestNG.Test2" name="TC4" time="0.0"/>
  <testcase classname="TestNG.Test1" name="TC1" time="0.001"/>
  <testcase classname="TestNG.Test1" name="TC2" time="0.001"/>
</testsuite> <!-- Test -->
