<?xml version="1.0" encoding="UTF-8"?>
<!-- Generated by org.testng.reporters.JUnitXMLReporter -->
<testsuite ignored="2" hostname="LAPTOP-Q88K5JJQ" failures="0" tests="2" name="Test(failed)" time="0.045" errors="0" timestamp="2022-10-18T17:11:15 IST">
  <testcase classname="TestNG.Test3" name="TC6" time="0.009"/>
  <testcase classname="TestNG.Test2" name="TC3" time="0.001"/>
  <testcase classname="TestNG.Test3" name="TC5" time="0.0">
    <ignored/>
  </testcase> <!-- TC5 -->
  <testcase classname="TestNG.Test2" name="TC4" time="0.0">
    <ignored/>
  </testcase> <!-- TC4 -->
</testsuite> <!-- Test(failed) -->
