<?xml version="1.0" encoding="UTF-8"?>
<testng-results ignored="0" total="2" passed="2" failed="0" skipped="0">
  <reporter-output>
  </reporter-output>
  <suite started-at="2022-10-29T14:47:06 IST" name="Default suite" finished-at="2022-10-29T14:48:12 IST" duration-ms="66358">
    <groups>
    </groups>
    <test started-at="2022-10-29T14:47:06 IST" name="Default test" finished-at="2022-10-29T14:48:12 IST" duration-ms="66358">
      <class name="POM_DDF_TestNG_Base_Class_Utility_Class.OrangeHRM_TestNG_Test_Class">
        <test-method is-config="true" signature="OpenBrowser()[pri:0, instance:POM_DDF_TestNG_Base_Class_Utility_Class.OrangeHRM_TestNG_Test_Class@68999068]" started-at="2022-10-29T14:47:06 IST" name="OpenBrowser" finished-at="2022-10-29T14:47:29 IST" duration-ms="22999" status="PASS">
          <reporter-output>
          </reporter-output>
        </test-method> <!-- OpenBrowser -->
        <test-method is-config="true" signature="Login()[pri:0, instance:POM_DDF_TestNG_Base_Class_Utility_Class.OrangeHRM_TestNG_Test_Class@68999068]" started-at="2022-10-29T14:47:29 IST" name="Login" finished-at="2022-10-29T14:47:32 IST" duration-ms="3131" status="PASS">
          <reporter-output>
          </reporter-output>
        </test-method> <!-- Login -->
        <test-method signature="VerifyTitle()[pri:0, instance:POM_DDF_TestNG_Base_Class_Utility_Class.OrangeHRM_TestNG_Test_Class@68999068]" started-at="2022-10-29T14:47:32 IST" name="VerifyTitle" finished-at="2022-10-29T14:48:05 IST" duration-ms="33072" status="PASS">
          <reporter-output>
          </reporter-output>
        </test-method> <!-- VerifyTitle -->
        <test-method is-config="true" signature="LogOut(org.testng.ITestResult)[pri:0, instance:POM_DDF_TestNG_Base_Class_Utility_Class.OrangeHRM_TestNG_Test_Class@68999068]" started-at="2022-10-29T14:48:05 IST" name="LogOut" finished-at="2022-10-29T14:48:07 IST" duration-ms="1662" status="PASS">
          <params>
            <param index="0">
              <value>
                <![CDATA[[TestResult name=VerifyTitle status=SUCCESS method=OrangeHRM_TestNG_Test_Class.VerifyTitle()[pri:0, instance:POM_DDF_TestNG_Base_Class_Utility_Class.OrangeHRM_TestNG_Test_Class@68999068] output={null}]]]>
              </value>
            </param>
          </params>
          <reporter-output>
          </reporter-output>
        </test-method> <!-- LogOut -->
        <test-method is-config="true" signature="Login()[pri:0, instance:POM_DDF_TestNG_Base_Class_Utility_Class.OrangeHRM_TestNG_Test_Class@68999068]" started-at="2022-10-29T14:48:07 IST" name="Login" finished-at="2022-10-29T14:48:07 IST" duration-ms="261" status="PASS">
          <reporter-output>
          </reporter-output>
        </test-method> <!-- Login -->
        <test-method signature="VerifyUsername()[pri:0, instance:POM_DDF_TestNG_Base_Class_Utility_Class.OrangeHRM_TestNG_Test_Class@68999068]" started-at="2022-10-29T14:48:07 IST" name="VerifyUsername" finished-at="2022-10-29T14:48:10 IST" duration-ms="2919" status="PASS">
          <reporter-output>
          </reporter-output>
        </test-method> <!-- VerifyUsername -->
        <test-method is-config="true" signature="LogOut(org.testng.ITestResult)[pri:0, instance:POM_DDF_TestNG_Base_Class_Utility_Class.OrangeHRM_TestNG_Test_Class@68999068]" started-at="2022-10-29T14:48:10 IST" name="LogOut" finished-at="2022-10-29T14:48:12 IST" duration-ms="1766" status="PASS">
          <params>
            <param index="0">
              <value>
                <![CDATA[[TestResult name=VerifyUsername status=SUCCESS method=OrangeHRM_TestNG_Test_Class.VerifyUsername()[pri:0, instance:POM_DDF_TestNG_Base_Class_Utility_Class.OrangeHRM_TestNG_Test_Class@68999068] output={null}]]]>
              </value>
            </param>
          </params>
          <reporter-output>
          </reporter-output>
        </test-method> <!-- LogOut -->
        <test-method is-config="true" signature="CloseBrowser()[pri:0, instance:POM_DDF_TestNG_Base_Class_Utility_Class.OrangeHRM_TestNG_Test_Class@68999068]" started-at="2022-10-29T14:48:12 IST" name="CloseBrowser" finished-at="2022-10-29T14:48:12 IST" duration-ms="493" status="PASS">
          <reporter-output>
          </reporter-output>
        </test-method> <!-- CloseBrowser -->
      </class> <!-- POM_DDF_TestNG_Base_Class_Utility_Class.OrangeHRM_TestNG_Test_Class -->
    </test> <!-- Default test -->
  </suite> <!-- Default suite -->
</testng-results>
